Build started 2012-12-01 13:10:47.
     1>Project "D:\Studia_WWSI\Podstawy programowania\PodstawyProgramowania_VS2010\cw6\cw6.vcxproj" on node 2 (build target(s)).
     1>InitializeBuildStatus:
         Touching "Release\cw6.unsuccessfulbuild".
       ClCompile:
         C:\Program Files (x86)\Microsoft Visual Studio 10.0\VC\bin\CL.exe /c /Zi /nologo /W3 /WX- /O2 /Oi /Oy- /GL /D _MBCS /Gm- /EHsc /MD /GS /Gy /fp:precise /Zc:wchar_t /Zc:forScope /Fo"Release\\" /Fd"Release\vc100.pdb" /Gd /TP /analyze- /errorReport:prompt src\main.cpp
         main.cpp
       Link:
         C:\Program Files (x86)\Microsoft Visual Studio 10.0\VC\bin\link.exe /ERRORREPORT:PROMPT /OUT:"D:\Studia_WWSI\Podstawy programowania\PodstawyProgramowania_VS2010\Release\cw6.exe" /NOLOGO kernel32.lib user32.lib gdi32.lib winspool.lib comdlg32.lib advapi32.lib shell32.lib ole32.lib oleaut32.lib uuid.lib odbc32.lib odbccp32.lib /MANIFEST /ManifestFile:"Release\cw6.exe.intermediate.manifest" /MANIFESTUAC:"level='asInvoker' uiAccess='false'" /DEBUG /PDB:"D:\Studia_WWSI\Podstawy programowania\PodstawyProgramowania_VS2010\Release\cw6.pdb" /OPT:REF /OPT:ICF /LTCG /TLBID:1 /DYNAMICBASE /NXCOMPAT /IMPLIB:"D:\Studia_WWSI\Podstawy programowania\PodstawyProgramowania_VS2010\Release\cw6.lib" /MACHINE:X86 Release\main.obj
         Generating code
         Finished generating code
         cw6.vcxproj -> D:\Studia_WWSI\Podstawy programowania\PodstawyProgramowania_VS2010\Release\cw6.exe
       Manifest:
         C:\Program Files (x86)\Microsoft SDKs\Windows\v7.0A\bin\mt.exe /nologo /verbose /outputresource:"D:\Studia_WWSI\Podstawy programowania\PodstawyProgramowania_VS2010\Release\cw6.exe;#1" /manifest Release\cw6.exe.intermediate.manifest
       FinalizeBuildStatus:
         Deleting file "Release\cw6.unsuccessfulbuild".
         Touching "Release\cw6.lastbuildstate".
     1>Done Building Project "D:\Studia_WWSI\Podstawy programowania\PodstawyProgramowania_VS2010\cw6\cw6.vcxproj" (build target(s)).

Build succeeded.

Time Elapsed 00:00:00.49
