Build started 2013-01-17 20:43:23.
     1>Project "D:\Studia_WWSI\Podstawy programowania\OlaSieUczy\OlaSieUczy\OlaSieUczy.vcxproj" on node 2 (build target(s)).
     1>InitializeBuildStatus:
         Creating "Debug\OlaSieUczy.unsuccessfulbuild" because "AlwaysCreate" was specified.
       ClCompile:
         C:\Program Files (x86)\Microsoft Visual Studio 10.0\VC\bin\CL.exe /c /ZI /nologo /W3 /WX- /Od /Oy- /D _MBCS /Gm /EHsc /RTC1 /MDd /GS /fp:precise /Zc:wchar_t /Zc:forScope /Fo"Debug\\" /Fd"Debug\vc100.pdb" /Gd /TP /analyze- /errorReport:prompt src\OlaSieUczy.cpp
         OlaSieUczy.cpp
     1>d:\studia_wwsi\podstawy programowania\olasieuczy\olasieuczy\src\olasieuczy.cpp(33): warning C4996: 'gets': This function or variable may be unsafe. Consider using gets_s instead. To disable deprecation, use _CRT_SECURE_NO_WARNINGS. See online help for details.
                 c:\program files (x86)\microsoft visual studio 10.0\vc\include\stdio.h(277) : see declaration of 'gets'
     1>d:\studia_wwsi\podstawy programowania\olasieuczy\olasieuczy\src\olasieuczy.cpp(36): warning C4996: 'gets': This function or variable may be unsafe. Consider using gets_s instead. To disable deprecation, use _CRT_SECURE_NO_WARNINGS. See online help for details.
                 c:\program files (x86)\microsoft visual studio 10.0\vc\include\stdio.h(277) : see declaration of 'gets'
     1>d:\studia_wwsi\podstawy programowania\olasieuczy\olasieuczy\src\olasieuczy.cpp(38): warning C4996: 'scanf': This function or variable may be unsafe. Consider using scanf_s instead. To disable deprecation, use _CRT_SECURE_NO_WARNINGS. See online help for details.
                 c:\program files (x86)\microsoft visual studio 10.0\vc\include\stdio.h(304) : see declaration of 'scanf'
     1>d:\studia_wwsi\podstawy programowania\olasieuczy\olasieuczy\src\olasieuczy.cpp(25): warning C4101: 'answer' : unreferenced local variable
       Link:
         C:\Program Files (x86)\Microsoft Visual Studio 10.0\VC\bin\link.exe /ERRORREPORT:PROMPT /OUT:"D:\Studia_WWSI\Podstawy programowania\OlaSieUczy\Debug\OlaSieUczy.exe" /NOLOGO kernel32.lib user32.lib gdi32.lib winspool.lib comdlg32.lib advapi32.lib shell32.lib ole32.lib oleaut32.lib uuid.lib odbc32.lib odbccp32.lib /MANIFEST /ManifestFile:"Debug\OlaSieUczy.exe.intermediate.manifest" /MANIFESTUAC:"level='asInvoker' uiAccess='false'" /DEBUG /PDB:"D:\Studia_WWSI\Podstawy programowania\OlaSieUczy\Debug\OlaSieUczy.pdb" /TLBID:1 /DYNAMICBASE /NXCOMPAT /IMPLIB:"D:\Studia_WWSI\Podstawy programowania\OlaSieUczy\Debug\OlaSieUczy.lib" /MACHINE:X86 Debug\OlaSieUczy.obj
         LINK : D:\Studia_WWSI\Podstawy programowania\OlaSieUczy\Debug\OlaSieUczy.exe not found or not built by the last incremental link; performing full link
         OlaSieUczy.vcxproj -> D:\Studia_WWSI\Podstawy programowania\OlaSieUczy\Debug\OlaSieUczy.exe
       Manifest:
         C:\Program Files (x86)\Microsoft SDKs\Windows\v7.0A\bin\mt.exe /nologo /verbose /outputresource:"D:\Studia_WWSI\Podstawy programowania\OlaSieUczy\Debug\OlaSieUczy.exe;#1" /manifest Debug\OlaSieUczy.exe.intermediate.manifest
       FinalizeBuildStatus:
         Deleting file "Debug\OlaSieUczy.unsuccessfulbuild".
         Touching "Debug\OlaSieUczy.lastbuildstate".
     1>Done Building Project "D:\Studia_WWSI\Podstawy programowania\OlaSieUczy\OlaSieUczy\OlaSieUczy.vcxproj" (build target(s)).

Build succeeded.

Time Elapsed 00:00:00.53
