Build started 2013-01-21 18:00:45.
     1>Project "D:\Studia_WWSI\Podstawy programowania\strukturyOdKuby\strukturyOdKuby\strukturyOdKuby.vcxproj" on node 2 (build target(s)).
     1>InitializeBuildStatus:
         Creating "Debug\strukturyOdKuby.unsuccessfulbuild" because "AlwaysCreate" was specified.
       ClCompile:
         C:\Program Files (x86)\Microsoft Visual Studio 10.0\VC\bin\CL.exe /c /ZI /nologo /W3 /WX- /Od /Oy- /D _MBCS /Gm /EHsc /RTC1 /MDd /GS /fp:precise /Zc:wchar_t /Zc:forScope /Fo"Debug\\" /Fd"Debug\vc100.pdb" /Gd /TP /analyze- /errorReport:prompt src\sample_struct.cpp
         sample_struct.cpp
       Link:
         C:\Program Files (x86)\Microsoft Visual Studio 10.0\VC\bin\link.exe /ERRORREPORT:PROMPT /OUT:"D:\Studia_WWSI\Podstawy programowania\strukturyOdKuby\Debug\strukturyOdKuby.exe" /NOLOGO kernel32.lib user32.lib gdi32.lib winspool.lib comdlg32.lib advapi32.lib shell32.lib ole32.lib oleaut32.lib uuid.lib odbc32.lib odbccp32.lib /MANIFEST /ManifestFile:"Debug\strukturyOdKuby.exe.intermediate.manifest" /MANIFESTUAC:"level='asInvoker' uiAccess='false'" /DEBUG /PDB:"D:\Studia_WWSI\Podstawy programowania\strukturyOdKuby\Debug\strukturyOdKuby.pdb" /TLBID:1 /DYNAMICBASE /NXCOMPAT /IMPLIB:"D:\Studia_WWSI\Podstawy programowania\strukturyOdKuby\Debug\strukturyOdKuby.lib" /MACHINE:X86 Debug\main.obj
         Debug\sample_struct.obj
         LINK : D:\Studia_WWSI\Podstawy programowania\strukturyOdKuby\Debug\strukturyOdKuby.exe not found or not built by the last incremental link; performing full link
         strukturyOdKuby.vcxproj -> D:\Studia_WWSI\Podstawy programowania\strukturyOdKuby\Debug\strukturyOdKuby.exe
       Manifest:
         C:\Program Files (x86)\Microsoft SDKs\Windows\v7.0A\bin\mt.exe /nologo /verbose /outputresource:"D:\Studia_WWSI\Podstawy programowania\strukturyOdKuby\Debug\strukturyOdKuby.exe;#1" /manifest Debug\strukturyOdKuby.exe.intermediate.manifest
       FinalizeBuildStatus:
         Deleting file "Debug\strukturyOdKuby.unsuccessfulbuild".
         Touching "Debug\strukturyOdKuby.lastbuildstate".
     1>Done Building Project "D:\Studia_WWSI\Podstawy programowania\strukturyOdKuby\strukturyOdKuby\strukturyOdKuby.vcxproj" (build target(s)).

Build succeeded.

Time Elapsed 00:00:00.63
