Build started 2012-12-02 22:48:36.
     1>Project "D:\Studia_WWSI\Podstawy programowania\PodstawyProgramowania_VS2010\zad_zal2\zad_zal2.vcxproj" on node 2 (rebuild target(s)).
     1>_PrepareForClean:
         Deleting file "Debug\zad_zal2.lastbuildstate".
       InitializeBuildStatus:
         Creating "Debug\zad_zal2.unsuccessfulbuild" because "AlwaysCreate" was specified.
       ClCompile:
         C:\Program Files (x86)\Microsoft Visual Studio 10.0\VC\bin\CL.exe /c /ZI /nologo /W3 /WX- /Od /Oy- /D _MBCS /Gm /EHsc /RTC1 /MDd /GS /fp:precise /Zc:wchar_t /Zc:forScope /Fo"Debug\\" /Fd"Debug\vc100.pdb" /Gd /TP /analyze- /errorReport:prompt Ciagi.cpp zad_zal2.cpp
         zad_zal2.cpp
         Ciagi.cpp
     1>d:\studia_wwsi\podstawy programowania\podstawyprogramowania_vs2010\zad_zal2\ciagi.cpp(11): warning C4244: 'argument' : conversion from 'time_t' to 'unsigned int', possible loss of data
         Generating Code...
       Link:
         C:\Program Files (x86)\Microsoft Visual Studio 10.0\VC\bin\link.exe /ERRORREPORT:PROMPT /OUT:"D:\Studia_WWSI\Podstawy programowania\PodstawyProgramowania_VS2010\Debug\zad_zal2.exe" /NOLOGO kernel32.lib user32.lib gdi32.lib winspool.lib comdlg32.lib advapi32.lib shell32.lib ole32.lib oleaut32.lib uuid.lib odbc32.lib odbccp32.lib /MANIFEST /ManifestFile:"Debug\zad_zal2.exe.intermediate.manifest" /MANIFESTUAC:"level='asInvoker' uiAccess='false'" /DEBUG /PDB:"D:\Studia_WWSI\Podstawy programowania\PodstawyProgramowania_VS2010\Debug\zad_zal2.pdb" /TLBID:1 /DYNAMICBASE /NXCOMPAT /IMPLIB:"D:\Studia_WWSI\Podstawy programowania\PodstawyProgramowania_VS2010\Debug\zad_zal2.lib" /MACHINE:X86 Debug\Ciagi.obj
         Debug\zad_zal2.obj
         zad_zal2.vcxproj -> D:\Studia_WWSI\Podstawy programowania\PodstawyProgramowania_VS2010\Debug\zad_zal2.exe
       Manifest:
         C:\Program Files (x86)\Microsoft SDKs\Windows\v7.0A\bin\mt.exe /nologo /verbose /outputresource:"D:\Studia_WWSI\Podstawy programowania\PodstawyProgramowania_VS2010\Debug\zad_zal2.exe;#1" /manifest Debug\zad_zal2.exe.intermediate.manifest
       FinalizeBuildStatus:
         Deleting file "Debug\zad_zal2.unsuccessfulbuild".
         Touching "Debug\zad_zal2.lastbuildstate".
     1>Done Building Project "D:\Studia_WWSI\Podstawy programowania\PodstawyProgramowania_VS2010\zad_zal2\zad_zal2.vcxproj" (rebuild target(s)).

Build succeeded.

Time Elapsed 00:00:00.77
